{"/Users/nicolascastro/Dropbox/Development/NodeCourse/full-api-rest/src/db/db.ts": {"path":"/Users/nicolascastro/Dropbox/Development/NodeCourse/full-api-rest/src/db/db.ts","statementMap":{"0":{"start":{"line":1,"column":0},"end":{"line":1,"column":27}},"1":{"start":{"line":2,"column":0},"end":{"line":2,"column":60}},"2":{"start":{"line":3,"column":0},"end":{"line":3,"column":45}},"3":{"start":{"line":4,"column":0},"end":{"line":4,"column":43}},"4":{"start":{"line":6,"column":0},"end":{"line":6,"column":null}},"5":{"start":{"line":7,"column":23},"end":{"line":7,"column":51}},"6":{"start":{"line":8,"column":24},"end":{"line":8,"column":53}},"7":{"start":{"line":11,"column":2},"end":{"line":11,"column":null}},"8":{"start":{"line":10,"column":0},"end":{"line":10,"column":7}},"9":{"start":{"line":15,"column":2},"end":{"line":15,"column":null}},"10":{"start":{"line":14,"column":0},"end":{"line":14,"column":7}},"11":{"start":{"line":19,"column":2},"end":{"line":19,"column":null}},"12":{"start":{"line":18,"column":0},"end":{"line":18,"column":16}},"13":{"start":{"line":23,"column":2},"end":{"line":23,"column":null}},"14":{"start":{"line":22,"column":0},"end":{"line":22,"column":16}},"15":{"start":{"line":27,"column":2},"end":{"line":27,"column":null}},"16":{"start":{"line":26,"column":0},"end":{"line":26,"column":16}}},"fnMap":{"0":{"name":"connectDb","decl":{"start":{"line":10,"column":22},"end":{"line":10,"column":31}},"loc":{"start":{"line":10,"column":31},"end":{"line":12,"column":1}}},"1":{"name":"disconnectDb","decl":{"start":{"line":14,"column":22},"end":{"line":14,"column":34}},"loc":{"start":{"line":14,"column":34},"end":{"line":16,"column":1}}},"2":{"name":"getUserModel","decl":{"start":{"line":18,"column":16},"end":{"line":18,"column":28}},"loc":{"start":{"line":18,"column":28},"end":{"line":20,"column":1}}},"3":{"name":"getDiaryModel","decl":{"start":{"line":22,"column":16},"end":{"line":22,"column":29}},"loc":{"start":{"line":22,"column":29},"end":{"line":24,"column":1}}},"4":{"name":"getNewObjectId","decl":{"start":{"line":26,"column":16},"end":{"line":26,"column":30}},"loc":{"start":{"line":26,"column":30},"end":{"line":28,"column":1}}}},"branchMap":{},"s":{"0":3,"1":3,"2":3,"3":3,"4":3,"5":3,"6":3,"7":16,"8":3,"9":3,"10":3,"11":3,"12":3,"13":3,"14":3,"15":1,"16":3},"f":{"0":16,"1":3,"2":3,"3":3,"4":1},"b":{}}
,"/Users/nicolascastro/Dropbox/Development/NodeCourse/full-api-rest/src/models/diary.ts": {"path":"/Users/nicolascastro/Dropbox/Development/NodeCourse/full-api-rest/src/models/diary.ts","statementMap":{"0":{"start":{"line":1,"column":0},"end":{"line":1,"column":43}},"1":{"start":{"line":18,"column":13},"end":{"line":25,"column":null}}},"fnMap":{},"branchMap":{},"s":{"0":3,"1":3},"f":{},"b":{}}
,"/Users/nicolascastro/Dropbox/Development/NodeCourse/full-api-rest/src/models/enums.ts": {"path":"/Users/nicolascastro/Dropbox/Development/NodeCourse/full-api-rest/src/models/enums.ts","statementMap":{"0":{"start":{"line":1,"column":0},"end":{"line":1,"column":null}},"1":{"start":{"line":2,"column":2},"end":{"line":2,"column":null}},"2":{"start":{"line":3,"column":2},"end":{"line":3,"column":null}},"3":{"start":{"line":4,"column":2},"end":{"line":4,"column":null}},"4":{"start":{"line":5,"column":2},"end":{"line":5,"column":null}},"5":{"start":{"line":6,"column":2},"end":{"line":6,"column":null}},"6":{"start":{"line":9,"column":0},"end":{"line":9,"column":null}},"7":{"start":{"line":10,"column":2},"end":{"line":10,"column":null}},"8":{"start":{"line":11,"column":2},"end":{"line":11,"column":null}},"9":{"start":{"line":12,"column":2},"end":{"line":12,"column":null}},"10":{"start":{"line":13,"column":2},"end":{"line":13,"column":null}},"11":{"start":{"line":16,"column":0},"end":{"line":16,"column":null}},"12":{"start":{"line":17,"column":2},"end":{"line":17,"column":null}},"13":{"start":{"line":18,"column":2},"end":{"line":18,"column":null}},"14":{"start":{"line":21,"column":0},"end":{"line":21,"column":null}},"15":{"start":{"line":22,"column":2},"end":{"line":22,"column":null}},"16":{"start":{"line":23,"column":2},"end":{"line":23,"column":null}},"17":{"start":{"line":24,"column":2},"end":{"line":24,"column":null}},"18":{"start":{"line":25,"column":2},"end":{"line":25,"column":null}},"19":{"start":{"line":28,"column":0},"end":{"line":28,"column":null}},"20":{"start":{"line":29,"column":2},"end":{"line":29,"column":null}},"21":{"start":{"line":30,"column":2},"end":{"line":30,"column":null}},"22":{"start":{"line":31,"column":2},"end":{"line":31,"column":null}},"23":{"start":{"line":32,"column":2},"end":{"line":32,"column":null}},"24":{"start":{"line":33,"column":2},"end":{"line":33,"column":null}},"25":{"start":{"line":34,"column":2},"end":{"line":34,"column":null}},"26":{"start":{"line":35,"column":2},"end":{"line":35,"column":null}},"27":{"start":{"line":36,"column":2},"end":{"line":36,"column":null}}},"fnMap":{"0":{"name":"(anonymous_0)","decl":{"start":{"line":1,"column":0},"end":{"line":1,"column":12}},"loc":{"start":{"line":1,"column":19},"end":{"line":7,"column":1}}},"1":{"name":"(anonymous_1)","decl":{"start":{"line":9,"column":0},"end":{"line":9,"column":12}},"loc":{"start":{"line":9,"column":22},"end":{"line":14,"column":1}}},"2":{"name":"(anonymous_2)","decl":{"start":{"line":16,"column":0},"end":{"line":16,"column":12}},"loc":{"start":{"line":16,"column":19},"end":{"line":19,"column":1}}},"3":{"name":"(anonymous_3)","decl":{"start":{"line":21,"column":0},"end":{"line":21,"column":12}},"loc":{"start":{"line":21,"column":23},"end":{"line":26,"column":1}}},"4":{"name":"(anonymous_4)","decl":{"start":{"line":28,"column":0},"end":{"line":28,"column":12}},"loc":{"start":{"line":28,"column":28},"end":{"line":37,"column":1}}}},"branchMap":{"0":{"loc":{"start":{"line":1,"column":12},"end":{"line":1,"column":null}},"type":"binary-expr","locations":[{"start":{"line":1,"column":12},"end":{"line":1,"column":19}},{"start":{"line":1,"column":12},"end":{"line":1,"column":null}}]},"1":{"loc":{"start":{"line":9,"column":12},"end":{"line":9,"column":null}},"type":"binary-expr","locations":[{"start":{"line":9,"column":12},"end":{"line":9,"column":22}},{"start":{"line":9,"column":12},"end":{"line":9,"column":null}}]},"2":{"loc":{"start":{"line":16,"column":12},"end":{"line":16,"column":null}},"type":"binary-expr","locations":[{"start":{"line":16,"column":12},"end":{"line":16,"column":19}},{"start":{"line":16,"column":12},"end":{"line":16,"column":null}}]},"3":{"loc":{"start":{"line":21,"column":12},"end":{"line":21,"column":null}},"type":"binary-expr","locations":[{"start":{"line":21,"column":12},"end":{"line":21,"column":23}},{"start":{"line":21,"column":12},"end":{"line":21,"column":null}}]},"4":{"loc":{"start":{"line":28,"column":12},"end":{"line":28,"column":null}},"type":"binary-expr","locations":[{"start":{"line":28,"column":12},"end":{"line":28,"column":28}},{"start":{"line":28,"column":12},"end":{"line":28,"column":null}}]}},"s":{"0":1,"1":1,"2":1,"3":1,"4":1,"5":1,"6":1,"7":1,"8":1,"9":1,"10":1,"11":1,"12":1,"13":1,"14":1,"15":1,"16":1,"17":1,"18":1,"19":1,"20":1,"21":1,"22":1,"23":1,"24":1,"25":1,"26":1,"27":1},"f":{"0":1,"1":1,"2":1,"3":1,"4":1},"b":{"0":[1,1],"1":[1,1],"2":[1,1],"3":[1,1],"4":[1,1]}}
,"/Users/nicolascastro/Dropbox/Development/NodeCourse/full-api-rest/src/models/user.ts": {"path":"/Users/nicolascastro/Dropbox/Development/NodeCourse/full-api-rest/src/models/user.ts","statementMap":{"0":{"start":{"line":1,"column":0},"end":{"line":1,"column":43}},"1":{"start":{"line":13,"column":13},"end":{"line":21,"column":null}}},"fnMap":{},"branchMap":{},"s":{"0":3,"1":3},"f":{},"b":{}}
,"/Users/nicolascastro/Dropbox/Development/NodeCourse/full-api-rest/src/services/diaries/diariesServices.ts": {"path":"/Users/nicolascastro/Dropbox/Development/NodeCourse/full-api-rest/src/services/diaries/diariesServices.ts","statementMap":{"0":{"start":{"line":2,"column":0},"end":{"line":2,"column":54}},"1":{"start":{"line":3,"column":0},"end":{"line":3,"column":33}},"2":{"start":{"line":5,"column":14},"end":{"line":5,"column":32}},"3":{"start":{"line":8,"column":2},"end":{"line":8,"column":null}},"4":{"start":{"line":10,"column":2},"end":{"line":32,"column":null}},"5":{"start":{"line":11,"column":4},"end":{"line":28,"column":null}},"6":{"start":{"line":12,"column":6},"end":{"line":12,"column":null}},"7":{"start":{"line":14,"column":26},"end":{"line":14,"column":28}},"8":{"start":{"line":15,"column":6},"end":{"line":25,"column":null}},"9":{"start":{"line":16,"column":58},"end":{"line":23,"column":null}},"10":{"start":{"line":24,"column":8},"end":{"line":24,"column":null}},"11":{"start":{"line":27,"column":6},"end":{"line":27,"column":null}},"12":{"start":{"line":30,"column":4},"end":{"line":30,"column":null}},"13":{"start":{"line":31,"column":4},"end":{"line":31,"column":null}},"14":{"start":{"line":7,"column":0},"end":{"line":7,"column":7}},"15":{"start":{"line":36,"column":2},"end":{"line":36,"column":null}},"16":{"start":{"line":37,"column":2},"end":{"line":55,"column":null}},"17":{"start":{"line":38,"column":4},"end":{"line":38,"column":null}},"18":{"start":{"line":39,"column":4},"end":{"line":39,"column":null}},"19":{"start":{"line":40,"column":4},"end":{"line":51,"column":null}},"20":{"start":{"line":41,"column":6},"end":{"line":41,"column":null}},"21":{"start":{"line":43,"column":56},"end":{"line":49,"column":null}},"22":{"start":{"line":50,"column":6},"end":{"line":50,"column":null}},"23":{"start":{"line":53,"column":4},"end":{"line":53,"column":null}},"24":{"start":{"line":54,"column":4},"end":{"line":54,"column":null}},"25":{"start":{"line":35,"column":0},"end":{"line":35,"column":7}},"26":{"start":{"line":59,"column":2},"end":{"line":59,"column":null}},"27":{"start":{"line":60,"column":2},"end":{"line":68,"column":null}},"28":{"start":{"line":61,"column":4},"end":{"line":61,"column":null}},"29":{"start":{"line":62,"column":4},"end":{"line":62,"column":null}},"30":{"start":{"line":64,"column":4},"end":{"line":64,"column":null}},"31":{"start":{"line":66,"column":4},"end":{"line":66,"column":null}},"32":{"start":{"line":67,"column":4},"end":{"line":67,"column":null}},"33":{"start":{"line":58,"column":0},"end":{"line":58,"column":7}},"34":{"start":{"line":72,"column":2},"end":{"line":72,"column":null}},"35":{"start":{"line":73,"column":15},"end":{"line":73,"column":71}},"36":{"start":{"line":75,"column":2},"end":{"line":77,"column":null}},"37":{"start":{"line":76,"column":4},"end":{"line":76,"column":null}},"38":{"start":{"line":79,"column":40},"end":{"line":89,"column":4}},"39":{"start":{"line":91,"column":2},"end":{"line":91,"column":null}},"40":{"start":{"line":92,"column":2},"end":{"line":92,"column":null}},"41":{"start":{"line":94,"column":2},"end":{"line":99,"column":null}},"42":{"start":{"line":95,"column":4},"end":{"line":95,"column":null}},"43":{"start":{"line":97,"column":4},"end":{"line":97,"column":null}},"44":{"start":{"line":98,"column":4},"end":{"line":98,"column":null}},"45":{"start":{"line":71,"column":0},"end":{"line":71,"column":7}},"46":{"start":{"line":103,"column":2},"end":{"line":103,"column":null}},"47":{"start":{"line":104,"column":28},"end":{"line":109,"column":null}},"48":{"start":{"line":111,"column":17},"end":{"line":111,"column":28}},"49":{"start":{"line":113,"column":2},"end":{"line":113,"column":null}},"50":{"start":{"line":114,"column":2},"end":{"line":114,"column":null}},"51":{"start":{"line":116,"column":2},"end":{"line":121,"column":null}},"52":{"start":{"line":117,"column":4},"end":{"line":117,"column":null}},"53":{"start":{"line":119,"column":4},"end":{"line":119,"column":null}},"54":{"start":{"line":120,"column":4},"end":{"line":120,"column":null}},"55":{"start":{"line":102,"column":0},"end":{"line":102,"column":7}},"56":{"start":{"line":125,"column":2},"end":{"line":141,"column":null}},"57":{"start":{"line":126,"column":4},"end":{"line":126,"column":null}},"58":{"start":{"line":128,"column":33},"end":{"line":131,"column":null}},"59":{"start":{"line":133,"column":4},"end":{"line":133,"column":null}},"60":{"start":{"line":135,"column":4},"end":{"line":135,"column":null}},"61":{"start":{"line":136,"column":4},"end":{"line":136,"column":null}},"62":{"start":{"line":137,"column":4},"end":{"line":137,"column":null}},"63":{"start":{"line":139,"column":4},"end":{"line":139,"column":null}},"64":{"start":{"line":140,"column":4},"end":{"line":140,"column":null}},"65":{"start":{"line":124,"column":0},"end":{"line":124,"column":7}},"66":{"start":{"line":145,"column":2},"end":{"line":145,"column":null}},"67":{"start":{"line":146,"column":17},"end":{"line":146,"column":28}},"68":{"start":{"line":148,"column":2},"end":{"line":153,"column":null}},"69":{"start":{"line":149,"column":4},"end":{"line":149,"column":null}},"70":{"start":{"line":151,"column":4},"end":{"line":151,"column":null}},"71":{"start":{"line":152,"column":4},"end":{"line":152,"column":null}},"72":{"start":{"line":144,"column":0},"end":{"line":144,"column":7}}},"fnMap":{"0":{"name":"getEntries","decl":{"start":{"line":7,"column":22},"end":{"line":7,"column":32}},"loc":{"start":{"line":7,"column":32},"end":{"line":33,"column":1}}},"1":{"name":"(anonymous_7)","decl":{"start":{"line":10,"column":27},"end":{"line":10,"column":28}},"loc":{"start":{"line":10,"column":77},"end":{"line":29,"column":3}}},"2":{"name":"(anonymous_8)","decl":{"start":{"line":15,"column":22},"end":{"line":15,"column":29}},"loc":{"start":{"line":15,"column":32},"end":{"line":25,"column":7}}},"3":{"name":"(anonymous_9)","decl":{"start":{"line":29,"column":11},"end":{"line":29,"column":12}},"loc":{"start":{"line":29,"column":22},"end":{"line":32,"column":3}}},"4":{"name":"findByIdWithoutSensitiveInfo","decl":{"start":{"line":35,"column":22},"end":{"line":35,"column":50}},"loc":{"start":{"line":35,"column":62},"end":{"line":56,"column":1}}},"5":{"name":"(anonymous_11)","decl":{"start":{"line":37,"column":33},"end":{"line":37,"column":34}},"loc":{"start":{"line":37,"column":79},"end":{"line":52,"column":3}}},"6":{"name":"(anonymous_12)","decl":{"start":{"line":52,"column":11},"end":{"line":52,"column":12}},"loc":{"start":{"line":52,"column":22},"end":{"line":55,"column":3}}},"7":{"name":"findById","decl":{"start":{"line":58,"column":22},"end":{"line":58,"column":30}},"loc":{"start":{"line":58,"column":42},"end":{"line":69,"column":1}}},"8":{"name":"(anonymous_14)","decl":{"start":{"line":60,"column":33},"end":{"line":60,"column":34}},"loc":{"start":{"line":60,"column":79},"end":{"line":65,"column":3}}},"9":{"name":"(anonymous_15)","decl":{"start":{"line":65,"column":11},"end":{"line":65,"column":12}},"loc":{"start":{"line":65,"column":22},"end":{"line":68,"column":3}}},"10":{"name":"addDiary","decl":{"start":{"line":71,"column":22},"end":{"line":71,"column":30}},"loc":{"start":{"line":71,"column":67},"end":{"line":100,"column":1}}},"11":{"name":"(anonymous_17)","decl":{"start":{"line":94,"column":41},"end":{"line":94,"column":44}},"loc":{"start":{"line":94,"column":46},"end":{"line":96,"column":3}}},"12":{"name":"(anonymous_18)","decl":{"start":{"line":96,"column":11},"end":{"line":96,"column":12}},"loc":{"start":{"line":96,"column":22},"end":{"line":99,"column":3}}},"13":{"name":"updateDiary","decl":{"start":{"line":102,"column":22},"end":{"line":102,"column":33}},"loc":{"start":{"line":102,"column":79},"end":{"line":122,"column":1}}},"14":{"name":"(anonymous_20)","decl":{"start":{"line":116,"column":65},"end":{"line":116,"column":68}},"loc":{"start":{"line":116,"column":70},"end":{"line":118,"column":3}}},"15":{"name":"(anonymous_21)","decl":{"start":{"line":118,"column":11},"end":{"line":118,"column":12}},"loc":{"start":{"line":118,"column":22},"end":{"line":121,"column":3}}},"16":{"name":"setDiaryUser","decl":{"start":{"line":124,"column":22},"end":{"line":124,"column":34}},"loc":{"start":{"line":124,"column":54},"end":{"line":142,"column":1}}},"17":{"name":"(anonymous_23)","decl":{"start":{"line":125,"column":53},"end":{"line":125,"column":58}},"loc":{"start":{"line":125,"column":68},"end":{"line":138,"column":3}}},"18":{"name":"(anonymous_24)","decl":{"start":{"line":138,"column":11},"end":{"line":138,"column":12}},"loc":{"start":{"line":138,"column":22},"end":{"line":141,"column":3}}},"19":{"name":"deleteDiary","decl":{"start":{"line":144,"column":22},"end":{"line":144,"column":33}},"loc":{"start":{"line":144,"column":45},"end":{"line":154,"column":1}}},"20":{"name":"(anonymous_26)","decl":{"start":{"line":148,"column":46},"end":{"line":148,"column":47}},"loc":{"start":{"line":148,"column":68},"end":{"line":150,"column":3}}},"21":{"name":"(anonymous_27)","decl":{"start":{"line":150,"column":11},"end":{"line":150,"column":12}},"loc":{"start":{"line":150,"column":22},"end":{"line":153,"column":3}}}},"branchMap":{"0":{"loc":{"start":{"line":11,"column":4},"end":{"line":28,"column":null}},"type":"if","locations":[{"start":{"line":11,"column":4},"end":{"line":28,"column":null}},{"start":{"line":13,"column":11},"end":{"line":28,"column":null}}]},"1":{"loc":{"start":{"line":40,"column":4},"end":{"line":51,"column":null}},"type":"if","locations":[{"start":{"line":40,"column":4},"end":{"line":51,"column":null}},{"start":{"line":42,"column":11},"end":{"line":51,"column":null}}]},"2":{"loc":{"start":{"line":75,"column":2},"end":{"line":77,"column":null}},"type":"if","locations":[{"start":{"line":75,"column":2},"end":{"line":77,"column":null}}]}},"s":{"0":1,"1":1,"2":1,"3":1,"4":1,"5":1,"6":0,"7":1,"8":1,"9":5,"10":5,"11":1,"12":0,"13":0,"14":1,"15":0,"16":0,"17":0,"18":0,"19":0,"20":0,"21":0,"22":0,"23":0,"24":0,"25":1,"26":0,"27":0,"28":0,"29":0,"30":0,"31":0,"32":0,"33":1,"34":5,"35":5,"36":5,"37":0,"38":5,"39":5,"40":5,"41":5,"42":5,"43":0,"44":0,"45":1,"46":0,"47":0,"48":0,"49":0,"50":0,"51":0,"52":0,"53":0,"54":0,"55":1,"56":0,"57":0,"58":0,"59":0,"60":0,"61":0,"62":0,"63":0,"64":0,"65":1,"66":0,"67":0,"68":0,"69":0,"70":0,"71":0,"72":1},"f":{"0":1,"1":1,"2":5,"3":0,"4":0,"5":0,"6":0,"7":0,"8":0,"9":0,"10":5,"11":5,"12":0,"13":0,"14":0,"15":0,"16":0,"17":0,"18":0,"19":0,"20":0,"21":0},"b":{"0":[0,1],"1":[0,0],"2":[0]}}
,"/Users/nicolascastro/Dropbox/Development/NodeCourse/full-api-rest/src/services/diaries/diaryUtils.ts": {"path":"/Users/nicolascastro/Dropbox/Development/NodeCourse/full-api-rest/src/services/diaries/diaryUtils.ts","statementMap":{"0":{"start":{"line":1,"column":0},"end":{"line":1,"column":56}},"1":{"start":{"line":2,"column":0},"end":{"line":2,"column":33}},"2":{"start":{"line":4,"column":18},"end":{"line":9,"column":1}},"3":{"start":{"line":5,"column":2},"end":{"line":7,"column":null}},"4":{"start":{"line":6,"column":4},"end":{"line":6,"column":null}},"5":{"start":{"line":8,"column":2},"end":{"line":8,"column":null}},"6":{"start":{"line":10,"column":21},"end":{"line":15,"column":1}},"7":{"start":{"line":11,"column":2},"end":{"line":13,"column":null}},"8":{"start":{"line":12,"column":4},"end":{"line":12,"column":null}},"9":{"start":{"line":14,"column":2},"end":{"line":14,"column":null}},"10":{"start":{"line":16,"column":18},"end":{"line":21,"column":1}},"11":{"start":{"line":17,"column":2},"end":{"line":19,"column":null}},"12":{"start":{"line":18,"column":4},"end":{"line":18,"column":null}},"13":{"start":{"line":20,"column":2},"end":{"line":20,"column":null}},"14":{"start":{"line":23,"column":21},"end":{"line":28,"column":1}},"15":{"start":{"line":24,"column":2},"end":{"line":26,"column":null}},"16":{"start":{"line":25,"column":4},"end":{"line":25,"column":null}},"17":{"start":{"line":27,"column":2},"end":{"line":27,"column":null}},"18":{"start":{"line":30,"column":24},"end":{"line":35,"column":1}},"19":{"start":{"line":31,"column":2},"end":{"line":33,"column":null}},"20":{"start":{"line":32,"column":4},"end":{"line":32,"column":null}},"21":{"start":{"line":34,"column":2},"end":{"line":34,"column":null}},"22":{"start":{"line":36,"column":18},"end":{"line":38,"column":1}},"23":{"start":{"line":37,"column":2},"end":{"line":37,"column":null}},"24":{"start":{"line":40,"column":21},"end":{"line":42,"column":1}},"25":{"start":{"line":41,"column":2},"end":{"line":41,"column":null}},"26":{"start":{"line":44,"column":17},"end":{"line":46,"column":1}},"27":{"start":{"line":45,"column":2},"end":{"line":45,"column":null}},"28":{"start":{"line":48,"column":15},"end":{"line":50,"column":1}},"29":{"start":{"line":49,"column":2},"end":{"line":49,"column":null}},"30":{"start":{"line":52,"column":24},"end":{"line":62,"column":1}},"31":{"start":{"line":53,"column":19},"end":{"line":59,"column":null}},"32":{"start":{"line":61,"column":2},"end":{"line":61,"column":null}},"33":{"start":{"line":64,"column":0},"end":{"line":64,"column":null}}},"fnMap":{"0":{"name":"(anonymous_1)","decl":{"start":{"line":4,"column":18},"end":{"line":4,"column":19}},"loc":{"start":{"line":4,"column":51},"end":{"line":9,"column":1}}},"1":{"name":"(anonymous_2)","decl":{"start":{"line":10,"column":21},"end":{"line":10,"column":22}},"loc":{"start":{"line":10,"column":57},"end":{"line":15,"column":1}}},"2":{"name":"(anonymous_3)","decl":{"start":{"line":16,"column":18},"end":{"line":16,"column":19}},"loc":{"start":{"line":16,"column":51},"end":{"line":21,"column":1}}},"3":{"name":"(anonymous_4)","decl":{"start":{"line":23,"column":21},"end":{"line":23,"column":22}},"loc":{"start":{"line":23,"column":58},"end":{"line":28,"column":1}}},"4":{"name":"(anonymous_5)","decl":{"start":{"line":30,"column":24},"end":{"line":30,"column":25}},"loc":{"start":{"line":30,"column":67},"end":{"line":35,"column":1}}},"5":{"name":"(anonymous_6)","decl":{"start":{"line":36,"column":18},"end":{"line":36,"column":19}},"loc":{"start":{"line":36,"column":42},"end":{"line":38,"column":1}}},"6":{"name":"(anonymous_7)","decl":{"start":{"line":40,"column":21},"end":{"line":40,"column":22}},"loc":{"start":{"line":40,"column":45},"end":{"line":42,"column":1}}},"7":{"name":"(anonymous_8)","decl":{"start":{"line":44,"column":17},"end":{"line":44,"column":18}},"loc":{"start":{"line":44,"column":45},"end":{"line":46,"column":1}}},"8":{"name":"(anonymous_9)","decl":{"start":{"line":48,"column":15},"end":{"line":48,"column":16}},"loc":{"start":{"line":48,"column":41},"end":{"line":50,"column":1}}},"9":{"name":"(anonymous_10)","decl":{"start":{"line":52,"column":24},"end":{"line":52,"column":25}},"loc":{"start":{"line":52,"column":45},"end":{"line":62,"column":1}}}},"branchMap":{"0":{"loc":{"start":{"line":5,"column":2},"end":{"line":7,"column":null}},"type":"if","locations":[{"start":{"line":5,"column":2},"end":{"line":7,"column":null}}]},"1":{"loc":{"start":{"line":5,"column":6},"end":{"line":5,"column":58}},"type":"binary-expr","locations":[{"start":{"line":5,"column":6},"end":{"line":5,"column":32}},{"start":{"line":5,"column":36},"end":{"line":5,"column":58}}]},"2":{"loc":{"start":{"line":11,"column":2},"end":{"line":13,"column":null}},"type":"if","locations":[{"start":{"line":11,"column":2},"end":{"line":13,"column":null}}]},"3":{"loc":{"start":{"line":11,"column":6},"end":{"line":11,"column":64}},"type":"binary-expr","locations":[{"start":{"line":11,"column":6},"end":{"line":11,"column":35}},{"start":{"line":11,"column":39},"end":{"line":11,"column":64}}]},"4":{"loc":{"start":{"line":17,"column":2},"end":{"line":19,"column":null}},"type":"if","locations":[{"start":{"line":17,"column":2},"end":{"line":19,"column":null}}]},"5":{"loc":{"start":{"line":17,"column":6},"end":{"line":17,"column":60}},"type":"binary-expr","locations":[{"start":{"line":17,"column":6},"end":{"line":17,"column":30}},{"start":{"line":17,"column":34},"end":{"line":17,"column":60}}]},"6":{"loc":{"start":{"line":24,"column":2},"end":{"line":26,"column":null}},"type":"if","locations":[{"start":{"line":24,"column":2},"end":{"line":26,"column":null}}]},"7":{"loc":{"start":{"line":24,"column":6},"end":{"line":24,"column":69}},"type":"binary-expr","locations":[{"start":{"line":24,"column":6},"end":{"line":24,"column":35}},{"start":{"line":24,"column":39},"end":{"line":24,"column":69}}]},"8":{"loc":{"start":{"line":31,"column":2},"end":{"line":33,"column":null}},"type":"if","locations":[{"start":{"line":31,"column":2},"end":{"line":33,"column":null}}]},"9":{"loc":{"start":{"line":31,"column":6},"end":{"line":31,"column":78}},"type":"binary-expr","locations":[{"start":{"line":31,"column":6},"end":{"line":31,"column":38}},{"start":{"line":31,"column":42},"end":{"line":31,"column":78}}]}},"s":{"0":1,"1":1,"2":1,"3":5,"4":0,"5":5,"6":1,"7":5,"8":0,"9":5,"10":1,"11":5,"12":0,"13":5,"14":1,"15":5,"16":0,"17":5,"18":1,"19":5,"20":0,"21":5,"22":1,"23":5,"24":1,"25":5,"26":1,"27":25,"28":1,"29":5,"30":1,"31":5,"32":5,"33":1},"f":{"0":5,"1":5,"2":5,"3":5,"4":5,"5":5,"6":5,"7":25,"8":5,"9":5},"b":{"0":[0],"1":[5,5],"2":[0],"3":[5,5],"4":[0],"5":[5,5],"6":[0],"7":[5,5],"8":[0],"9":[5,5]}}
,"/Users/nicolascastro/Dropbox/Development/NodeCourse/full-api-rest/src/services/users/userUtils.ts": {"path":"/Users/nicolascastro/Dropbox/Development/NodeCourse/full-api-rest/src/services/users/userUtils.ts","statementMap":{"0":{"start":{"line":1,"column":0},"end":{"line":1,"column":44}},"1":{"start":{"line":2,"column":0},"end":{"line":2,"column":33}},"2":{"start":{"line":3,"column":0},"end":{"line":3,"column":27}},"3":{"start":{"line":4,"column":0},"end":{"line":4,"column":47}},"4":{"start":{"line":6,"column":18},"end":{"line":11,"column":1}},"5":{"start":{"line":7,"column":2},"end":{"line":9,"column":null}},"6":{"start":{"line":8,"column":4},"end":{"line":8,"column":null}},"7":{"start":{"line":10,"column":2},"end":{"line":10,"column":null}},"8":{"start":{"line":12,"column":22},"end":{"line":18,"column":1}},"9":{"start":{"line":13,"column":2},"end":{"line":15,"column":null}},"10":{"start":{"line":14,"column":4},"end":{"line":14,"column":null}},"11":{"start":{"line":16,"column":15},"end":{"line":16,"column":38}},"12":{"start":{"line":17,"column":2},"end":{"line":17,"column":null}},"13":{"start":{"line":19,"column":19},"end":{"line":24,"column":1}},"14":{"start":{"line":20,"column":2},"end":{"line":22,"column":null}},"15":{"start":{"line":21,"column":4},"end":{"line":21,"column":null}},"16":{"start":{"line":23,"column":2},"end":{"line":23,"column":null}},"17":{"start":{"line":25,"column":21},"end":{"line":30,"column":1}},"18":{"start":{"line":26,"column":2},"end":{"line":28,"column":null}},"19":{"start":{"line":27,"column":4},"end":{"line":27,"column":null}},"20":{"start":{"line":29,"column":2},"end":{"line":29,"column":null}},"21":{"start":{"line":32,"column":18},"end":{"line":34,"column":1}},"22":{"start":{"line":33,"column":2},"end":{"line":33,"column":null}},"23":{"start":{"line":36,"column":17},"end":{"line":38,"column":1}},"24":{"start":{"line":37,"column":2},"end":{"line":37,"column":null}},"25":{"start":{"line":40,"column":19},"end":{"line":56,"column":1}},"26":{"start":{"line":41,"column":22},"end":{"line":54,"column":null}},"27":{"start":{"line":55,"column":2},"end":{"line":55,"column":null}},"28":{"start":{"line":58,"column":16},"end":{"line":60,"column":1}},"29":{"start":{"line":59,"column":2},"end":{"line":59,"column":null}},"30":{"start":{"line":62,"column":23},"end":{"line":74,"column":1}},"31":{"start":{"line":63,"column":16},"end":{"line":63,"column":37}},"32":{"start":{"line":64,"column":15},"end":{"line":64,"column":51}},"33":{"start":{"line":65,"column":19},"end":{"line":72,"column":null}},"34":{"start":{"line":73,"column":2},"end":{"line":73,"column":null}},"35":{"start":{"line":76,"column":0},"end":{"line":76,"column":null}}},"fnMap":{"0":{"name":"(anonymous_1)","decl":{"start":{"line":6,"column":18},"end":{"line":6,"column":19}},"loc":{"start":{"line":6,"column":51},"end":{"line":11,"column":1}}},"1":{"name":"(anonymous_2)","decl":{"start":{"line":12,"column":22},"end":{"line":12,"column":27}},"loc":{"start":{"line":12,"column":71},"end":{"line":18,"column":1}}},"2":{"name":"(anonymous_3)","decl":{"start":{"line":19,"column":19},"end":{"line":19,"column":20}},"loc":{"start":{"line":19,"column":53},"end":{"line":24,"column":1}}},"3":{"name":"(anonymous_4)","decl":{"start":{"line":25,"column":21},"end":{"line":25,"column":22}},"loc":{"start":{"line":25,"column":55},"end":{"line":30,"column":1}}},"4":{"name":"(anonymous_5)","decl":{"start":{"line":32,"column":18},"end":{"line":32,"column":19}},"loc":{"start":{"line":32,"column":42},"end":{"line":34,"column":1}}},"5":{"name":"(anonymous_6)","decl":{"start":{"line":36,"column":17},"end":{"line":36,"column":18}},"loc":{"start":{"line":36,"column":45},"end":{"line":38,"column":1}}},"6":{"name":"(anonymous_7)","decl":{"start":{"line":40,"column":19},"end":{"line":40,"column":20}},"loc":{"start":{"line":40,"column":47},"end":{"line":56,"column":1}}},"7":{"name":"(anonymous_8)","decl":{"start":{"line":58,"column":16},"end":{"line":58,"column":17}},"loc":{"start":{"line":58,"column":43},"end":{"line":60,"column":1}}},"8":{"name":"(anonymous_9)","decl":{"start":{"line":62,"column":23},"end":{"line":62,"column":28}},"loc":{"start":{"line":62,"column":59},"end":{"line":74,"column":1}}}},"branchMap":{"0":{"loc":{"start":{"line":7,"column":2},"end":{"line":9,"column":null}},"type":"if","locations":[{"start":{"line":7,"column":2},"end":{"line":9,"column":null}}]},"1":{"loc":{"start":{"line":13,"column":2},"end":{"line":15,"column":null}},"type":"if","locations":[{"start":{"line":13,"column":2},"end":{"line":15,"column":null}}]},"2":{"loc":{"start":{"line":13,"column":6},"end":{"line":13,"column":72}},"type":"binary-expr","locations":[{"start":{"line":13,"column":6},"end":{"line":13,"column":36}},{"start":{"line":13,"column":40},"end":{"line":13,"column":72}}]},"3":{"loc":{"start":{"line":20,"column":2},"end":{"line":22,"column":null}},"type":"if","locations":[{"start":{"line":20,"column":2},"end":{"line":22,"column":null}}]},"4":{"loc":{"start":{"line":20,"column":6},"end":{"line":20,"column":63}},"type":"binary-expr","locations":[{"start":{"line":20,"column":6},"end":{"line":20,"column":32}},{"start":{"line":20,"column":36},"end":{"line":20,"column":63}}]},"5":{"loc":{"start":{"line":26,"column":2},"end":{"line":28,"column":null}},"type":"if","locations":[{"start":{"line":26,"column":2},"end":{"line":28,"column":null}}]},"6":{"loc":{"start":{"line":26,"column":6},"end":{"line":26,"column":65}},"type":"binary-expr","locations":[{"start":{"line":26,"column":6},"end":{"line":26,"column":34}},{"start":{"line":26,"column":38},"end":{"line":26,"column":65}}]},"7":{"loc":{"start":{"line":55,"column":9},"end":{"line":55,"column":86}},"type":"binary-expr","locations":[{"start":{"line":55,"column":9},"end":{"line":55,"column":35}},{"start":{"line":55,"column":39},"end":{"line":55,"column":86}}]}},"s":{"0":1,"1":1,"2":1,"3":1,"4":1,"5":1,"6":0,"7":1,"8":1,"9":1,"10":0,"11":1,"12":1,"13":1,"14":1,"15":0,"16":1,"17":1,"18":1,"19":0,"20":1,"21":1,"22":1,"23":1,"24":4,"25":1,"26":1,"27":1,"28":1,"29":1,"30":1,"31":1,"32":1,"33":1,"34":1,"35":1},"f":{"0":1,"1":1,"2":1,"3":1,"4":1,"5":4,"6":1,"7":1,"8":1},"b":{"0":[0],"1":[0],"2":[1,1],"3":[0],"4":[1,1],"5":[0],"6":[1,1],"7":[1,1]}}
,"/Users/nicolascastro/Dropbox/Development/NodeCourse/full-api-rest/src/services/users/usersServices.ts": {"path":"/Users/nicolascastro/Dropbox/Development/NodeCourse/full-api-rest/src/services/users/usersServices.ts","statementMap":{"0":{"start":{"line":2,"column":0},"end":{"line":2,"column":27}},"1":{"start":{"line":4,"column":0},"end":{"line":4,"column":53}},"2":{"start":{"line":5,"column":0},"end":{"line":5,"column":66}},"3":{"start":{"line":6,"column":0},"end":{"line":6,"column":33}},"4":{"start":{"line":8,"column":13},"end":{"line":8,"column":30}},"5":{"start":{"line":11,"column":2},"end":{"line":11,"column":null}},"6":{"start":{"line":13,"column":2},"end":{"line":30,"column":null}},"7":{"start":{"line":14,"column":4},"end":{"line":14,"column":null}},"8":{"start":{"line":15,"column":4},"end":{"line":15,"column":null}},"9":{"start":{"line":16,"column":4},"end":{"line":26,"column":null}},"10":{"start":{"line":17,"column":6},"end":{"line":17,"column":null}},"11":{"start":{"line":19,"column":26},"end":{"line":19,"column":28}},"12":{"start":{"line":21,"column":6},"end":{"line":23,"column":null}},"13":{"start":{"line":22,"column":8},"end":{"line":22,"column":null}},"14":{"start":{"line":25,"column":6},"end":{"line":25,"column":null}},"15":{"start":{"line":28,"column":4},"end":{"line":28,"column":null}},"16":{"start":{"line":29,"column":4},"end":{"line":29,"column":null}},"17":{"start":{"line":10,"column":0},"end":{"line":10,"column":7}},"18":{"start":{"line":33,"column":29},"end":{"line":51,"column":1}},"19":{"start":{"line":34,"column":2},"end":{"line":34,"column":null}},"20":{"start":{"line":36,"column":2},"end":{"line":50,"column":null}},"21":{"start":{"line":37,"column":4},"end":{"line":37,"column":null}},"22":{"start":{"line":38,"column":4},"end":{"line":38,"column":null}},"23":{"start":{"line":39,"column":4},"end":{"line":46,"column":null}},"24":{"start":{"line":40,"column":6},"end":{"line":40,"column":null}},"25":{"start":{"line":42,"column":34},"end":{"line":44,"column":null}},"26":{"start":{"line":45,"column":6},"end":{"line":45,"column":null}},"27":{"start":{"line":48,"column":4},"end":{"line":48,"column":null}},"28":{"start":{"line":49,"column":4},"end":{"line":49,"column":null}},"29":{"start":{"line":33,"column":13},"end":{"line":33,"column":29}},"30":{"start":{"line":54,"column":2},"end":{"line":101,"column":null}},"31":{"start":{"line":55,"column":4},"end":{"line":96,"column":null}},"32":{"start":{"line":56,"column":6},"end":{"line":56,"column":null}},"33":{"start":{"line":58,"column":6},"end":{"line":58,"column":null}},"34":{"start":{"line":59,"column":6},"end":{"line":92,"column":null}},"35":{"start":{"line":60,"column":8},"end":{"line":62,"column":null}},"36":{"start":{"line":61,"column":10},"end":{"line":61,"column":null}},"37":{"start":{"line":64,"column":26},"end":{"line":64,"column":71}},"38":{"start":{"line":66,"column":8},"end":{"line":88,"column":null}},"39":{"start":{"line":67,"column":38},"end":{"line":67,"column":40}},"40":{"start":{"line":69,"column":28},"end":{"line":69,"column":63}},"41":{"start":{"line":70,"column":33},"end":{"line":70,"column":73}},"42":{"start":{"line":72,"column":10},"end":{"line":76,"column":null}},"43":{"start":{"line":73,"column":12},"end":{"line":73,"column":null}},"44":{"start":{"line":75,"column":12},"end":{"line":75,"column":null}},"45":{"start":{"line":78,"column":40},"end":{"line":82,"column":null}},"46":{"start":{"line":84,"column":10},"end":{"line":84,"column":null}},"47":{"start":{"line":86,"column":10},"end":{"line":86,"column":null}},"48":{"start":{"line":87,"column":10},"end":{"line":87,"column":null}},"49":{"start":{"line":90,"column":8},"end":{"line":90,"column":null}},"50":{"start":{"line":91,"column":8},"end":{"line":91,"column":null}},"51":{"start":{"line":94,"column":6},"end":{"line":94,"column":null}},"52":{"start":{"line":95,"column":6},"end":{"line":95,"column":null}},"53":{"start":{"line":98,"column":4},"end":{"line":98,"column":null}},"54":{"start":{"line":99,"column":4},"end":{"line":99,"column":null}},"55":{"start":{"line":100,"column":4},"end":{"line":100,"column":null}},"56":{"start":{"line":53,"column":0},"end":{"line":53,"column":7}},"57":{"start":{"line":105,"column":2},"end":{"line":105,"column":null}},"58":{"start":{"line":107,"column":2},"end":{"line":112,"column":null}},"59":{"start":{"line":108,"column":4},"end":{"line":108,"column":null}},"60":{"start":{"line":110,"column":4},"end":{"line":110,"column":null}},"61":{"start":{"line":111,"column":4},"end":{"line":111,"column":null}},"62":{"start":{"line":104,"column":0},"end":{"line":104,"column":7}},"63":{"start":{"line":116,"column":2},"end":{"line":116,"column":null}},"64":{"start":{"line":117,"column":2},"end":{"line":125,"column":null}},"65":{"start":{"line":118,"column":4},"end":{"line":118,"column":null}},"66":{"start":{"line":119,"column":4},"end":{"line":119,"column":null}},"67":{"start":{"line":121,"column":4},"end":{"line":121,"column":null}},"68":{"start":{"line":123,"column":4},"end":{"line":123,"column":null}},"69":{"start":{"line":124,"column":4},"end":{"line":124,"column":null}},"70":{"start":{"line":115,"column":0},"end":{"line":115,"column":7}},"71":{"start":{"line":129,"column":2},"end":{"line":129,"column":null}},"72":{"start":{"line":130,"column":2},"end":{"line":141,"column":null}},"73":{"start":{"line":131,"column":32},"end":{"line":136,"column":null}},"74":{"start":{"line":137,"column":4},"end":{"line":137,"column":null}},"75":{"start":{"line":139,"column":4},"end":{"line":139,"column":null}},"76":{"start":{"line":140,"column":4},"end":{"line":140,"column":null}},"77":{"start":{"line":128,"column":0},"end":{"line":128,"column":7}},"78":{"start":{"line":145,"column":2},"end":{"line":145,"column":null}},"79":{"start":{"line":146,"column":2},"end":{"line":154,"column":null}},"80":{"start":{"line":147,"column":4},"end":{"line":147,"column":null}},"81":{"start":{"line":148,"column":4},"end":{"line":148,"column":null}},"82":{"start":{"line":150,"column":4},"end":{"line":150,"column":null}},"83":{"start":{"line":152,"column":4},"end":{"line":152,"column":null}},"84":{"start":{"line":153,"column":4},"end":{"line":153,"column":null}},"85":{"start":{"line":144,"column":0},"end":{"line":144,"column":7}},"86":{"start":{"line":158,"column":2},"end":{"line":158,"column":null}},"87":{"start":{"line":159,"column":38},"end":{"line":166,"column":4}},"88":{"start":{"line":167,"column":2},"end":{"line":173,"column":null}},"89":{"start":{"line":168,"column":4},"end":{"line":168,"column":null}},"90":{"start":{"line":169,"column":4},"end":{"line":169,"column":null}},"91":{"start":{"line":171,"column":4},"end":{"line":171,"column":null}},"92":{"start":{"line":172,"column":4},"end":{"line":172,"column":null}},"93":{"start":{"line":157,"column":0},"end":{"line":157,"column":7}},"94":{"start":{"line":177,"column":2},"end":{"line":177,"column":null}},"95":{"start":{"line":176,"column":0},"end":{"line":176,"column":7}}},"fnMap":{"0":{"name":"getUsers","decl":{"start":{"line":10,"column":22},"end":{"line":10,"column":30}},"loc":{"start":{"line":10,"column":30},"end":{"line":31,"column":1}}},"1":{"name":"(anonymous_8)","decl":{"start":{"line":13,"column":26},"end":{"line":13,"column":27}},"loc":{"start":{"line":13,"column":54},"end":{"line":27,"column":3}}},"2":{"name":"(anonymous_9)","decl":{"start":{"line":27,"column":11},"end":{"line":27,"column":12}},"loc":{"start":{"line":27,"column":22},"end":{"line":30,"column":3}}},"3":{"name":"(anonymous_10)","decl":{"start":{"line":33,"column":29},"end":{"line":33,"column":34}},"loc":{"start":{"line":33,"column":63},"end":{"line":51,"column":1}}},"4":{"name":"(anonymous_11)","decl":{"start":{"line":36,"column":59},"end":{"line":36,"column":60}},"loc":{"start":{"line":36,"column":83},"end":{"line":47,"column":3}}},"5":{"name":"(anonymous_12)","decl":{"start":{"line":47,"column":11},"end":{"line":47,"column":12}},"loc":{"start":{"line":47,"column":22},"end":{"line":50,"column":3}}},"6":{"name":"login","decl":{"start":{"line":53,"column":22},"end":{"line":53,"column":27}},"loc":{"start":{"line":53,"column":60},"end":{"line":102,"column":1}}},"7":{"name":"(anonymous_14)","decl":{"start":{"line":59,"column":42},"end":{"line":59,"column":47}},"loc":{"start":{"line":59,"column":71},"end":{"line":89,"column":7}}},"8":{"name":"(anonymous_15)","decl":{"start":{"line":89,"column":15},"end":{"line":89,"column":16}},"loc":{"start":{"line":89,"column":26},"end":{"line":92,"column":7}}},"9":{"name":"findByUserId","decl":{"start":{"line":104,"column":22},"end":{"line":104,"column":34}},"loc":{"start":{"line":104,"column":50},"end":{"line":113,"column":1}}},"10":{"name":"(anonymous_17)","decl":{"start":{"line":107,"column":39},"end":{"line":107,"column":40}},"loc":{"start":{"line":107,"column":63},"end":{"line":109,"column":3}}},"11":{"name":"(anonymous_18)","decl":{"start":{"line":109,"column":11},"end":{"line":109,"column":12}},"loc":{"start":{"line":109,"column":22},"end":{"line":112,"column":3}}},"12":{"name":"findByEmail","decl":{"start":{"line":115,"column":22},"end":{"line":115,"column":33}},"loc":{"start":{"line":115,"column":48},"end":{"line":126,"column":1}}},"13":{"name":"(anonymous_20)","decl":{"start":{"line":117,"column":45},"end":{"line":117,"column":46}},"loc":{"start":{"line":117,"column":69},"end":{"line":122,"column":3}}},"14":{"name":"(anonymous_21)","decl":{"start":{"line":122,"column":11},"end":{"line":122,"column":12}},"loc":{"start":{"line":122,"column":22},"end":{"line":125,"column":3}}},"15":{"name":"findMeByUserId","decl":{"start":{"line":128,"column":22},"end":{"line":128,"column":36}},"loc":{"start":{"line":128,"column":52},"end":{"line":142,"column":1}}},"16":{"name":"(anonymous_23)","decl":{"start":{"line":130,"column":39},"end":{"line":130,"column":40}},"loc":{"start":{"line":130,"column":63},"end":{"line":138,"column":3}}},"17":{"name":"(anonymous_24)","decl":{"start":{"line":138,"column":11},"end":{"line":138,"column":12}},"loc":{"start":{"line":138,"column":22},"end":{"line":141,"column":3}}},"18":{"name":"findById","decl":{"start":{"line":144,"column":22},"end":{"line":144,"column":30}},"loc":{"start":{"line":144,"column":42},"end":{"line":155,"column":1}}},"19":{"name":"(anonymous_26)","decl":{"start":{"line":146,"column":32},"end":{"line":146,"column":33}},"loc":{"start":{"line":146,"column":56},"end":{"line":151,"column":3}}},"20":{"name":"(anonymous_27)","decl":{"start":{"line":151,"column":11},"end":{"line":151,"column":12}},"loc":{"start":{"line":151,"column":22},"end":{"line":154,"column":3}}},"21":{"name":"register","decl":{"start":{"line":157,"column":22},"end":{"line":157,"column":30}},"loc":{"start":{"line":157,"column":62},"end":{"line":174,"column":1}}},"22":{"name":"(anonymous_29)","decl":{"start":{"line":167,"column":40},"end":{"line":167,"column":43}},"loc":{"start":{"line":167,"column":45},"end":{"line":170,"column":3}}},"23":{"name":"(anonymous_30)","decl":{"start":{"line":170,"column":11},"end":{"line":170,"column":12}},"loc":{"start":{"line":170,"column":22},"end":{"line":173,"column":3}}},"24":{"name":"setUserPassword","decl":{"start":{"line":176,"column":22},"end":{"line":176,"column":37}},"loc":{"start":{"line":176,"column":63},"end":{"line":178,"column":1}}}},"branchMap":{"0":{"loc":{"start":{"line":16,"column":4},"end":{"line":26,"column":null}},"type":"if","locations":[{"start":{"line":16,"column":4},"end":{"line":26,"column":null}},{"start":{"line":18,"column":11},"end":{"line":26,"column":null}}]},"1":{"loc":{"start":{"line":39,"column":4},"end":{"line":46,"column":null}},"type":"if","locations":[{"start":{"line":39,"column":4},"end":{"line":46,"column":null}},{"start":{"line":41,"column":11},"end":{"line":46,"column":null}}]},"2":{"loc":{"start":{"line":55,"column":4},"end":{"line":96,"column":null}},"type":"if","locations":[{"start":{"line":55,"column":4},"end":{"line":96,"column":null}},{"start":{"line":93,"column":11},"end":{"line":96,"column":null}}]},"3":{"loc":{"start":{"line":55,"column":8},"end":{"line":55,"column":51}},"type":"binary-expr","locations":[{"start":{"line":55,"column":9},"end":{"line":55,"column":25}},{"start":{"line":55,"column":31},"end":{"line":55,"column":50}}]},"4":{"loc":{"start":{"line":60,"column":8},"end":{"line":62,"column":null}},"type":"if","locations":[{"start":{"line":60,"column":8},"end":{"line":62,"column":null}}]},"5":{"loc":{"start":{"line":66,"column":8},"end":{"line":88,"column":null}},"type":"if","locations":[{"start":{"line":66,"column":8},"end":{"line":88,"column":null}},{"start":{"line":85,"column":15},"end":{"line":88,"column":null}}]},"6":{"loc":{"start":{"line":66,"column":12},"end":{"line":66,"column":39}},"type":"binary-expr","locations":[{"start":{"line":66,"column":13},"end":{"line":66,"column":25}},{"start":{"line":66,"column":30},"end":{"line":66,"column":39}}]},"7":{"loc":{"start":{"line":72,"column":10},"end":{"line":76,"column":null}},"type":"if","locations":[{"start":{"line":72,"column":10},"end":{"line":76,"column":null}},{"start":{"line":74,"column":17},"end":{"line":76,"column":null}}]},"8":{"loc":{"start":{"line":132,"column":14},"end":{"line":132,"column":27}},"type":"cond-expr","locations":[{"start":{"line":132,"column":19},"end":{"line":132,"column":21}},{"start":{"line":132,"column":14},"end":{"line":132,"column":27}}]},"9":{"loc":{"start":{"line":132,"column":14},"end":{"line":132,"column":21}},"type":"binary-expr","locations":[{"start":{"line":132,"column":14},"end":{"line":132,"column":21}},{"start":{"line":132,"column":14},"end":{"line":132,"column":21}}]},"10":{"loc":{"start":{"line":133,"column":12},"end":{"line":133,"column":23}},"type":"cond-expr","locations":[{"start":{"line":133,"column":17},"end":{"line":133,"column":19}},{"start":{"line":133,"column":12},"end":{"line":133,"column":23}}]},"11":{"loc":{"start":{"line":133,"column":12},"end":{"line":133,"column":19}},"type":"binary-expr","locations":[{"start":{"line":133,"column":12},"end":{"line":133,"column":19}},{"start":{"line":133,"column":12},"end":{"line":133,"column":19}}]},"12":{"loc":{"start":{"line":134,"column":13},"end":{"line":134,"column":25}},"type":"cond-expr","locations":[{"start":{"line":134,"column":18},"end":{"line":134,"column":20}},{"start":{"line":134,"column":13},"end":{"line":134,"column":25}}]},"13":{"loc":{"start":{"line":134,"column":13},"end":{"line":134,"column":20}},"type":"binary-expr","locations":[{"start":{"line":134,"column":13},"end":{"line":134,"column":20}},{"start":{"line":134,"column":13},"end":{"line":134,"column":20}}]},"14":{"loc":{"start":{"line":135,"column":15},"end":{"line":135,"column":29}},"type":"cond-expr","locations":[{"start":{"line":135,"column":20},"end":{"line":135,"column":22}},{"start":{"line":135,"column":15},"end":{"line":135,"column":29}}]},"15":{"loc":{"start":{"line":135,"column":15},"end":{"line":135,"column":22}},"type":"binary-expr","locations":[{"start":{"line":135,"column":15},"end":{"line":135,"column":22}},{"start":{"line":135,"column":15},"end":{"line":135,"column":22}}]}},"s":{"0":1,"1":1,"2":1,"3":1,"4":1,"5":0,"6":0,"7":0,"8":0,"9":0,"10":0,"11":0,"12":0,"13":0,"14":0,"15":0,"16":0,"17":1,"18":1,"19":1,"20":1,"21":1,"22":1,"23":1,"24":1,"25":0,"26":0,"27":0,"28":0,"29":1,"30":0,"31":0,"32":0,"33":0,"34":0,"35":0,"36":0,"37":0,"38":0,"39":0,"40":0,"41":0,"42":0,"43":0,"44":0,"45":0,"46":0,"47":0,"48":0,"49":0,"50":0,"51":0,"52":0,"53":0,"54":0,"55":0,"56":1,"57":5,"58":5,"59":5,"60":0,"61":0,"62":1,"63":0,"64":0,"65":0,"66":0,"67":0,"68":0,"69":0,"70":1,"71":0,"72":0,"73":0,"74":0,"75":0,"76":0,"77":1,"78":0,"79":0,"80":0,"81":0,"82":0,"83":0,"84":0,"85":1,"86":1,"87":1,"88":1,"89":1,"90":1,"91":0,"92":0,"93":1,"94":0,"95":1},"f":{"0":0,"1":0,"2":0,"3":1,"4":1,"5":0,"6":0,"7":0,"8":0,"9":5,"10":5,"11":0,"12":0,"13":0,"14":0,"15":0,"16":0,"17":0,"18":0,"19":0,"20":0,"21":1,"22":1,"23":0,"24":0},"b":{"0":[0,0],"1":[1,0],"2":[0,0],"3":[0,0],"4":[0],"5":[0,0],"6":[0,0],"7":[0,0],"8":[0,0],"9":[0,0],"10":[0,0],"11":[0,0],"12":[0,0],"13":[0,0],"14":[0,0],"15":[0,0]}}
,"/Users/nicolascastro/Dropbox/Development/NodeCourse/full-api-rest/src/utils/jwt.utils.ts": {"path":"/Users/nicolascastro/Dropbox/Development/NodeCourse/full-api-rest/src/utils/jwt.utils.ts","statementMap":{"0":{"start":{"line":1,"column":0},"end":{"line":1,"column":79}},"1":{"start":{"line":2,"column":0},"end":{"line":2,"column":24}},"2":{"start":{"line":3,"column":0},"end":{"line":3,"column":27}},"3":{"start":{"line":4,"column":0},"end":{"line":4,"column":28}},"4":{"start":{"line":7,"column":0},"end":{"line":7,"column":null}},"5":{"start":{"line":9,"column":27},"end":{"line":9,"column":65}},"6":{"start":{"line":10,"column":20},"end":{"line":10,"column":48}},"7":{"start":{"line":11,"column":23},"end":{"line":11,"column":55}},"8":{"start":{"line":13,"column":23},"end":{"line":13,"column":47}},"9":{"start":{"line":14,"column":22},"end":{"line":14,"column":49}},"10":{"start":{"line":16,"column":19},"end":{"line":16,"column":80}},"11":{"start":{"line":18,"column":18},"end":{"line":18,"column":78}},"12":{"start":{"line":20,"column":35},"end":{"line":25,"column":null}},"13":{"start":{"line":28,"column":2},"end":{"line":28,"column":null}},"14":{"start":{"line":27,"column":0},"end":{"line":27,"column":16}},"15":{"start":{"line":32,"column":2},"end":{"line":35,"column":null}},"16":{"start":{"line":31,"column":0},"end":{"line":31,"column":16}},"17":{"start":{"line":39,"column":39},"end":{"line":43,"column":null}},"18":{"start":{"line":45,"column":2},"end":{"line":51,"column":null}},"19":{"start":{"line":46,"column":4},"end":{"line":50,"column":null}},"20":{"start":{"line":47,"column":6},"end":{"line":47,"column":null}},"21":{"start":{"line":48,"column":6},"end":{"line":48,"column":null}},"22":{"start":{"line":48,"column":25},"end":{"line":48,"column":null}},"23":{"start":{"line":49,"column":6},"end":{"line":49,"column":null}},"24":{"start":{"line":38,"column":0},"end":{"line":38,"column":7}}},"fnMap":{"0":{"name":"decodeToken","decl":{"start":{"line":27,"column":16},"end":{"line":27,"column":27}},"loc":{"start":{"line":27,"column":42},"end":{"line":29,"column":1}}},"1":{"name":"generateToken","decl":{"start":{"line":31,"column":16},"end":{"line":31,"column":29}},"loc":{"start":{"line":31,"column":43},"end":{"line":36,"column":1}}},"2":{"name":"validateToken","decl":{"start":{"line":38,"column":22},"end":{"line":38,"column":35}},"loc":{"start":{"line":38,"column":50},"end":{"line":52,"column":1}}},"3":{"name":"(anonymous_10)","decl":{"start":{"line":45,"column":27},"end":{"line":45,"column":28}},"loc":{"start":{"line":45,"column":47},"end":{"line":51,"column":3}}},"4":{"name":"(anonymous_11)","decl":{"start":{"line":46,"column":44},"end":{"line":46,"column":45}},"loc":{"start":{"line":46,"column":73},"end":{"line":50,"column":5}}}},"branchMap":{"0":{"loc":{"start":{"line":48,"column":6},"end":{"line":48,"column":null}},"type":"if","locations":[{"start":{"line":48,"column":6},"end":{"line":48,"column":null}}]}},"s":{"0":1,"1":1,"2":1,"3":1,"4":1,"5":1,"6":1,"7":1,"8":1,"9":1,"10":1,"11":1,"12":1,"13":0,"14":1,"15":0,"16":1,"17":0,"18":0,"19":0,"20":0,"21":0,"22":0,"23":0,"24":1},"f":{"0":0,"1":0,"2":0,"3":0,"4":0},"b":{"0":[0]}}
}
