TN:
SF:src/db/db.ts
FN:10,connectDb
FN:14,disconnectDb
FN:18,getUserModel
FN:22,getDiaryModel
FN:26,getNewObjectId
FNF:5
FNH:5
FNDA:16,connectDb
FNDA:3,disconnectDb
FNDA:3,getUserModel
FNDA:3,getDiaryModel
FNDA:1,getNewObjectId
DA:1,3
DA:2,3
DA:3,3
DA:4,3
DA:6,3
DA:7,3
DA:8,3
DA:10,3
DA:11,16
DA:14,3
DA:15,3
DA:18,3
DA:19,3
DA:22,3
DA:23,3
DA:26,3
DA:27,1
LF:17
LH:17
BRF:0
BRH:0
end_of_record
TN:
SF:src/models/diary.ts
FNF:0
FNH:0
DA:1,3
DA:18,3
LF:2
LH:2
BRF:0
BRH:0
end_of_record
TN:
SF:src/models/enums.ts
FN:1,(anonymous_0)
FN:9,(anonymous_1)
FN:16,(anonymous_2)
FN:21,(anonymous_3)
FN:28,(anonymous_4)
FNF:5
FNH:5
FNDA:1,(anonymous_0)
FNDA:1,(anonymous_1)
FNDA:1,(anonymous_2)
FNDA:1,(anonymous_3)
FNDA:1,(anonymous_4)
DA:1,1
DA:2,1
DA:3,1
DA:4,1
DA:5,1
DA:6,1
DA:9,1
DA:10,1
DA:11,1
DA:12,1
DA:13,1
DA:16,1
DA:17,1
DA:18,1
DA:21,1
DA:22,1
DA:23,1
DA:24,1
DA:25,1
DA:28,1
DA:29,1
DA:30,1
DA:31,1
DA:32,1
DA:33,1
DA:34,1
DA:35,1
DA:36,1
LF:28
LH:28
BRDA:1,0,0,1
BRDA:1,0,1,1
BRDA:9,1,0,1
BRDA:9,1,1,1
BRDA:16,2,0,1
BRDA:16,2,1,1
BRDA:21,3,0,1
BRDA:21,3,1,1
BRDA:28,4,0,1
BRDA:28,4,1,1
BRF:10
BRH:10
end_of_record
TN:
SF:src/models/user.ts
FNF:0
FNH:0
DA:1,3
DA:13,3
LF:2
LH:2
BRF:0
BRH:0
end_of_record
TN:
SF:src/services/diaries/diariesServices.ts
FN:7,getEntries
FN:10,(anonymous_7)
FN:15,(anonymous_8)
FN:29,(anonymous_9)
FN:35,findByIdWithoutSensitiveInfo
FN:37,(anonymous_11)
FN:50,(anonymous_12)
FN:56,findById
FN:58,(anonymous_14)
FN:60,(anonymous_15)
FN:66,addDiary
FN:86,(anonymous_17)
FN:88,(anonymous_18)
FN:94,updateDiary
FN:105,(anonymous_20)
FN:107,(anonymous_21)
FN:113,setDiaryUser
FN:114,(anonymous_23)
FN:122,(anonymous_24)
FN:128,deleteDiary
FN:132,(anonymous_26)
FN:134,(anonymous_27)
FNF:22
FNH:5
FNDA:1,getEntries
FNDA:1,(anonymous_7)
FNDA:5,(anonymous_8)
FNDA:0,(anonymous_9)
FNDA:0,findByIdWithoutSensitiveInfo
FNDA:0,(anonymous_11)
FNDA:0,(anonymous_12)
FNDA:0,findById
FNDA:0,(anonymous_14)
FNDA:0,(anonymous_15)
FNDA:5,addDiary
FNDA:5,(anonymous_17)
FNDA:0,(anonymous_18)
FNDA:0,updateDiary
FNDA:0,(anonymous_20)
FNDA:0,(anonymous_21)
FNDA:0,setDiaryUser
FNDA:0,(anonymous_23)
FNDA:0,(anonymous_24)
FNDA:0,deleteDiary
FNDA:0,(anonymous_26)
FNDA:0,(anonymous_27)
DA:2,1
DA:3,1
DA:5,1
DA:7,1
DA:8,1
DA:10,1
DA:11,1
DA:12,0
DA:14,1
DA:15,1
DA:16,5
DA:24,5
DA:27,1
DA:30,0
DA:31,0
DA:35,1
DA:36,0
DA:37,0
DA:38,0
DA:39,0
DA:41,0
DA:48,0
DA:51,0
DA:52,0
DA:56,1
DA:57,0
DA:58,0
DA:59,0
DA:61,0
DA:62,0
DA:66,1
DA:67,5
DA:68,5
DA:70,5
DA:71,0
DA:74,5
DA:86,5
DA:87,5
DA:89,0
DA:90,0
DA:94,1
DA:95,0
DA:96,0
DA:103,0
DA:105,0
DA:106,0
DA:108,0
DA:109,0
DA:113,1
DA:114,0
DA:115,0
DA:120,0
DA:121,0
DA:123,0
DA:124,0
DA:128,1
DA:129,0
DA:130,0
DA:132,0
DA:133,0
DA:135,0
DA:136,0
LF:62
LH:24
BRDA:11,0,0,0
BRDA:11,0,1,1
BRDA:38,1,0,0
BRDA:38,1,1,0
BRDA:70,2,0,0
BRF:5
BRH:1
end_of_record
TN:
SF:src/services/diaries/diaryUtils.ts
FN:4,(anonymous_1)
FN:10,(anonymous_2)
FN:16,(anonymous_3)
FN:23,(anonymous_4)
FN:30,(anonymous_5)
FN:36,(anonymous_6)
FN:40,(anonymous_7)
FN:44,(anonymous_8)
FN:48,(anonymous_9)
FN:52,(anonymous_10)
FNF:10
FNH:10
FNDA:5,(anonymous_1)
FNDA:5,(anonymous_2)
FNDA:5,(anonymous_3)
FNDA:5,(anonymous_4)
FNDA:5,(anonymous_5)
FNDA:5,(anonymous_6)
FNDA:5,(anonymous_7)
FNDA:25,(anonymous_8)
FNDA:5,(anonymous_9)
FNDA:5,(anonymous_10)
DA:1,1
DA:2,1
DA:4,1
DA:5,5
DA:6,0
DA:8,5
DA:10,1
DA:11,5
DA:12,0
DA:14,5
DA:16,1
DA:17,5
DA:18,0
DA:20,5
DA:23,1
DA:24,5
DA:25,0
DA:27,5
DA:30,1
DA:31,5
DA:32,0
DA:34,5
DA:36,1
DA:37,5
DA:40,1
DA:41,5
DA:44,1
DA:45,25
DA:48,1
DA:49,5
DA:52,1
DA:53,5
DA:61,5
DA:64,1
LF:34
LH:29
BRDA:5,0,0,0
BRDA:5,1,0,5
BRDA:5,1,1,5
BRDA:11,2,0,0
BRDA:11,3,0,5
BRDA:11,3,1,5
BRDA:17,4,0,0
BRDA:17,5,0,5
BRDA:17,5,1,5
BRDA:24,6,0,0
BRDA:24,7,0,5
BRDA:24,7,1,5
BRDA:31,8,0,0
BRDA:31,9,0,5
BRDA:31,9,1,5
BRF:15
BRH:10
end_of_record
TN:
SF:src/services/users/userUtils.ts
FN:6,(anonymous_1)
FN:12,(anonymous_2)
FN:19,(anonymous_3)
FN:25,(anonymous_4)
FN:32,(anonymous_5)
FN:36,(anonymous_6)
FN:40,(anonymous_7)
FN:58,(anonymous_8)
FN:62,(anonymous_9)
FNF:9
FNH:9
FNDA:1,(anonymous_1)
FNDA:1,(anonymous_2)
FNDA:1,(anonymous_3)
FNDA:1,(anonymous_4)
FNDA:1,(anonymous_5)
FNDA:4,(anonymous_6)
FNDA:1,(anonymous_7)
FNDA:1,(anonymous_8)
FNDA:1,(anonymous_9)
DA:1,1
DA:2,1
DA:3,1
DA:4,1
DA:6,1
DA:7,1
DA:8,0
DA:10,1
DA:12,1
DA:13,1
DA:14,0
DA:16,1
DA:17,1
DA:19,1
DA:20,1
DA:21,0
DA:23,1
DA:25,1
DA:26,1
DA:27,0
DA:29,1
DA:32,1
DA:33,1
DA:36,1
DA:37,4
DA:40,1
DA:41,1
DA:55,1
DA:58,1
DA:59,1
DA:62,1
DA:63,1
DA:64,1
DA:65,1
DA:73,1
DA:76,1
LF:36
LH:32
BRDA:7,0,0,0
BRDA:13,1,0,0
BRDA:13,2,0,1
BRDA:13,2,1,1
BRDA:20,3,0,0
BRDA:20,4,0,1
BRDA:20,4,1,1
BRDA:26,5,0,0
BRDA:26,6,0,1
BRDA:26,6,1,1
BRDA:55,7,0,1
BRDA:55,7,1,1
BRF:12
BRH:8
end_of_record
TN:
SF:src/services/users/usersServices.ts
FN:10,getUsers
FN:13,(anonymous_8)
FN:25,(anonymous_9)
FN:31,(anonymous_10)
FN:34,(anonymous_11)
FN:43,(anonymous_12)
FN:49,login
FN:54,(anonymous_14)
FN:84,(anonymous_15)
FN:99,findByUserId
FN:102,(anonymous_17)
FN:104,(anonymous_18)
FN:110,findByEmail
FN:112,(anonymous_20)
FN:114,(anonymous_21)
FN:120,findMeByUserId
FN:122,(anonymous_23)
FN:130,(anonymous_24)
FN:136,findById
FN:138,(anonymous_26)
FN:140,(anonymous_27)
FN:146,register
FN:156,(anonymous_29)
FN:158,(anonymous_30)
FN:164,setUserPassword
FNF:25
FNH:6
FNDA:0,getUsers
FNDA:0,(anonymous_8)
FNDA:0,(anonymous_9)
FNDA:1,(anonymous_10)
FNDA:1,(anonymous_11)
FNDA:0,(anonymous_12)
FNDA:0,login
FNDA:0,(anonymous_14)
FNDA:0,(anonymous_15)
FNDA:5,findByUserId
FNDA:5,(anonymous_17)
FNDA:0,(anonymous_18)
FNDA:0,findByEmail
FNDA:0,(anonymous_20)
FNDA:0,(anonymous_21)
FNDA:0,findMeByUserId
FNDA:0,(anonymous_23)
FNDA:0,(anonymous_24)
FNDA:0,findById
FNDA:0,(anonymous_26)
FNDA:0,(anonymous_27)
FNDA:1,register
FNDA:1,(anonymous_29)
FNDA:0,(anonymous_30)
FNDA:0,setUserPassword
DA:2,1
DA:4,1
DA:5,1
DA:6,1
DA:8,1
DA:10,1
DA:11,0
DA:13,0
DA:14,0
DA:15,0
DA:17,0
DA:19,0
DA:20,0
DA:23,0
DA:26,0
DA:27,0
DA:31,1
DA:32,1
DA:34,1
DA:35,1
DA:36,1
DA:38,0
DA:41,0
DA:44,0
DA:45,0
DA:49,1
DA:50,0
DA:51,0
DA:52,0
DA:54,0
DA:55,0
DA:56,0
DA:59,0
DA:61,0
DA:62,0
DA:64,0
DA:65,0
DA:67,0
DA:68,0
DA:70,0
DA:73,0
DA:79,0
DA:81,0
DA:82,0
DA:85,0
DA:86,0
DA:89,0
DA:90,0
DA:93,0
DA:94,0
DA:95,0
DA:99,1
DA:100,5
DA:102,5
DA:103,5
DA:105,0
DA:106,0
DA:110,1
DA:111,0
DA:112,0
DA:113,0
DA:115,0
DA:116,0
DA:120,1
DA:121,0
DA:122,0
DA:123,0
DA:129,0
DA:131,0
DA:132,0
DA:136,1
DA:137,0
DA:138,0
DA:139,0
DA:141,0
DA:142,0
DA:146,1
DA:147,1
DA:148,1
DA:156,1
DA:157,1
DA:159,0
DA:160,0
DA:164,1
DA:165,0
LF:85
LH:25
BRDA:14,0,0,0
BRDA:14,0,1,0
BRDA:35,1,0,1
BRDA:35,1,1,0
BRDA:51,2,0,0
BRDA:51,2,1,0
BRDA:51,3,0,0
BRDA:51,3,1,0
BRDA:55,4,0,0
BRDA:61,5,0,0
BRDA:61,5,1,0
BRDA:61,6,0,0
BRDA:61,6,1,0
BRDA:67,7,0,0
BRDA:67,7,1,0
BRDA:124,8,0,0
BRDA:124,8,1,0
BRDA:124,9,0,0
BRDA:124,9,1,0
BRDA:125,10,0,0
BRDA:125,10,1,0
BRDA:125,11,0,0
BRDA:125,11,1,0
BRDA:126,12,0,0
BRDA:126,12,1,0
BRDA:126,13,0,0
BRDA:126,13,1,0
BRDA:127,14,0,0
BRDA:127,14,1,0
BRDA:127,15,0,0
BRDA:127,15,1,0
BRF:31
BRH:1
end_of_record
TN:
SF:src/utils/jwt.utils.ts
FN:27,decodeToken
FN:31,generateToken
FN:38,validateToken
FN:45,(anonymous_10)
FN:46,(anonymous_11)
FNF:5
FNH:0
FNDA:0,decodeToken
FNDA:0,generateToken
FNDA:0,validateToken
FNDA:0,(anonymous_10)
FNDA:0,(anonymous_11)
DA:1,1
DA:2,1
DA:3,1
DA:4,1
DA:7,1
DA:9,1
DA:10,1
DA:11,1
DA:13,1
DA:14,1
DA:16,1
DA:18,1
DA:20,1
DA:27,1
DA:28,0
DA:31,1
DA:32,0
DA:38,1
DA:39,0
DA:45,0
DA:46,0
DA:47,0
DA:48,0
DA:49,0
LF:24
LH:16
BRDA:48,0,0,0
BRF:1
BRH:0
end_of_record
